<?xml version="1.0" encoding="UTF-8"?>
<testng-results ignored="0" total="1" passed="1" failed="0" skipped="0">
  <reporter-output>
  </reporter-output>
  <suite started-at="2020-11-18T13:15:54 PST" name="Default suite" finished-at="2020-11-18T13:16:06 PST" duration-ms="11555">
    <groups>
    </groups>
    <test started-at="2020-11-18T13:15:54 PST" name="Default test" finished-at="2020-11-18T13:16:06 PST" duration-ms="11555">
      <class name="WebDriverBasicConcepts.datepicker">
        <test-method signature="datepickerdemo()[pri:0, instance:WebDriverBasicConcepts.datepicker@64cd705f]" started-at="2020-11-18T13:15:54 PST" name="datepickerdemo" finished-at="2020-11-18T13:16:06 PST" duration-ms="11527" status="PASS">
          <reporter-output>
          </reporter-output>
        </test-method> <!-- datepickerdemo -->
      </class> <!-- WebDriverBasicConcepts.datepicker -->
    </test> <!-- Default test -->
  </suite> <!-- Default suite -->
</testng-results>
