<?xml version="1.0" encoding="UTF-8"?>
<testng-results ignored="0" total="1" passed="1" failed="0" skipped="0">
  <reporter-output>
  </reporter-output>
  <suite started-at="2020-11-17T12:34:39 PST" name="Default suite" finished-at="2020-11-17T12:34:46 PST" duration-ms="7714">
    <groups>
    </groups>
    <test started-at="2020-11-17T12:34:39 PST" name="Default test" finished-at="2020-11-17T12:34:46 PST" duration-ms="7714">
      <class name="WebDriverBasicConcepts.dropdown">
        <test-method signature="dropdown1()[pri:0, instance:WebDriverBasicConcepts.dropdown@64cd705f]" started-at="2020-11-17T12:34:39 PST" name="dropdown1" finished-at="2020-11-17T12:34:46 PST" duration-ms="7680" status="PASS">
          <reporter-output>
          </reporter-output>
        </test-method> <!-- dropdown1 -->
      </class> <!-- WebDriverBasicConcepts.dropdown -->
    </test> <!-- Default test -->
  </suite> <!-- Default suite -->
</testng-results>
